#
# There is insufficient memory for the Java Runtime Environment to continue.
# Native memory allocation (mmap) failed to map 527433728 bytes for committing reserved memory.
# Possible reasons:
#   The system is out of physical RAM or swap space
#   In 32 bit mode, the process size limit was hit
# Possible solutions:
#   Reduce memory load on the system
#   Increase physical memory or swap space
#   Check if swap backing store is full
#   Use 64 bit Java on a 64 bit OS
#   Decrease Java heap size (-Xmx/-Xms)
#   Decrease number of Java threads
#   Decrease Java thread stack sizes (-Xss)
#   Set larger code cache with -XX:ReservedCodeCacheSize=
# This output file may be truncated or incomplete.
#
#  Out of Memory Error (os_linux.cpp:2630), pid=23570, tid=0x00007fb27df02700
#
# JRE version:  (8.0_111-b14) (build )
# Java VM: OpenJDK 64-Bit Server VM (25.111-b14 mixed mode linux-amd64 compressed oops)
# Failed to write core dump. Core dumps have been disabled. To enable core dumping, try "ulimit -c unlimited" before starting Java again
#

---------------  T H R E A D  ---------------

Current thread (0x00007fb27400a000):  JavaThread "Unknown thread" [_thread_in_vm, id=23576, stack(0x00007fb27de02000,0x00007fb27df03000)]

Stack: [0x00007fb27de02000,0x00007fb27df03000],  sp=0x00007fb27df01630,  free space=1021k
Native frames: (J=compiled Java code, j=interpreted, Vv=VM code, C=native code)
V  [libjvm.so+0xa64d2b]
V  [libjvm.so+0x4c2dac]
V  [libjvm.so+0x8b3ba0]
V  [libjvm.so+0x8ae01e]
V  [libjvm.so+0x9288f6]
V  [libjvm.so+0x9193d3]
V  [libjvm.so+0x2ad1b1]
V  [libjvm.so+0x8d8ec9]
V  [libjvm.so+0xa286f9]
V  [libjvm.so+0xa28942]
V  [libjvm.so+0x60d6af]
V  [libjvm.so+0xa0dcea]
V  [libjvm.so+0x687952]  JNI_CreateJavaVM+0x62
C  [libjli.so+0x2f2e]
C  [libjli.so+0x73dd]
C  [libpthread.so.0+0x76ba]  start_thread+0xca


---------------  P R O C E S S  ---------------

Java Threads: ( => current thread )

Other Threads:

=>0x00007fb27400a000 (exited) JavaThread "Unknown thread" [_thread_in_vm, id=23576, stack(0x00007fb27de02000,0x00007fb27df03000)]

VM state:not at safepoint (not fully initialized)

VM Mutex/Monitor currently owned by a thread: None

GC Heap History (0 events):
No events

Deoptimization events (0 events):
No events

Internal exceptions (0 events):
No events

Events (0 events):
No events


Dynamic libraries:
00400000-00401000 r-xp 00000000 08:41 6162952                            /usr/lib/jvm/java-8-openjdk-amd64/jre/bin/java
00600000-00601000 r--p 00000000 08:41 6162952                            /usr/lib/jvm/java-8-openjdk-amd64/jre/bin/java
00601000-00602000 rw-p 00001000 08:41 6162952                            /usr/lib/jvm/java-8-openjdk-amd64/jre/bin/java
007ab000-007cc000 rw-p 00000000 00:00 0                                  [heap]
4ee100000-6c4e00000 ---p 00000000 00:00 0 
6c4e00000-6d4900000 rw-p 00000000 00:00 0 
6d4900000-7c0000000 ---p 00000000 00:00 0 
7fb265000000-7fb265270000 rwxp 00000000 00:00 0 
7fb265270000-7fb274000000 ---p 00000000 00:00 0 
7fb274000000-7fb274031000 rw-p 00000000 00:00 0 
7fb274031000-7fb278000000 ---p 00000000 00:00 0 
7fb278d43000-7fb279cf5000 ---p 00000000 00:00 0 
7fb279cf5000-7fb279d73000 rw-p 00000000 00:00 0 
7fb279d73000-7fb27a4ce000 ---p 00000000 00:00 0 
7fb27a4ce000-7fb27a4d9000 rw-p 00000000 00:00 0 
7fb27a4d9000-7fb27a88f000 ---p 00000000 00:00 0 
7fb27a88f000-7fb27a897000 r-xp 00000000 08:41 6162866                    /usr/lib/jvm/java-8-openjdk-amd64/jre/lib/amd64/libzip.so
7fb27a897000-7fb27aa96000 ---p 00008000 08:41 6162866                    /usr/lib/jvm/java-8-openjdk-amd64/jre/lib/amd64/libzip.so
7fb27aa96000-7fb27aa97000 r--p 00007000 08:41 6162866                    /usr/lib/jvm/java-8-openjdk-amd64/jre/lib/amd64/libzip.so
7fb27aa97000-7fb27aa98000 rw-p 00008000 08:41 6162866                    /usr/lib/jvm/java-8-openjdk-amd64/jre/lib/amd64/libzip.so
7fb27aa98000-7fb27aaa3000 r-xp 00000000 08:41 791812                     /lib/x86_64-linux-gnu/libnss_files-2.23.so
7fb27aaa3000-7fb27aca2000 ---p 0000b000 08:41 791812                     /lib/x86_64-linux-gnu/libnss_files-2.23.so
7fb27aca2000-7fb27aca3000 r--p 0000a000 08:41 791812                     /lib/x86_64-linux-gnu/libnss_files-2.23.so
7fb27aca3000-7fb27aca4000 rw-p 0000b000 08:41 791812                     /lib/x86_64-linux-gnu/libnss_files-2.23.so
7fb27aca4000-7fb27acaa000 rw-p 00000000 00:00 0 
7fb27acaa000-7fb27acb5000 r-xp 00000000 08:41 791734                     /lib/x86_64-linux-gnu/libnss_nis-2.23.so
7fb27acb5000-7fb27aeb4000 ---p 0000b000 08:41 791734                     /lib/x86_64-linux-gnu/libnss_nis-2.23.so
7fb27aeb4000-7fb27aeb5000 r--p 0000a000 08:41 791734                     /lib/x86_64-linux-gnu/libnss_nis-2.23.so
7fb27aeb5000-7fb27aeb6000 rw-p 0000b000 08:41 791734                     /lib/x86_64-linux-gnu/libnss_nis-2.23.so
7fb27aeb6000-7fb27aecc000 r-xp 00000000 08:41 791800                     /lib/x86_64-linux-gnu/libnsl-2.23.so
7fb27aecc000-7fb27b0cb000 ---p 00016000 08:41 791800                     /lib/x86_64-linux-gnu/libnsl-2.23.so
7fb27b0cb000-7fb27b0cc000 r--p 00015000 08:41 791800                     /lib/x86_64-linux-gnu/libnsl-2.23.so
7fb27b0cc000-7fb27b0cd000 rw-p 00016000 08:41 791800                     /lib/x86_64-linux-gnu/libnsl-2.23.so
7fb27b0cd000-7fb27b0cf000 rw-p 00000000 00:00 0 
7fb27b0cf000-7fb27b0d7000 r-xp 00000000 08:41 791804                     /lib/x86_64-linux-gnu/libnss_compat-2.23.so
7fb27b0d7000-7fb27b2d6000 ---p 00008000 08:41 791804                     /lib/x86_64-linux-gnu/libnss_compat-2.23.so
7fb27b2d6000-7fb27b2d7000 r--p 00007000 08:41 791804                     /lib/x86_64-linux-gnu/libnss_compat-2.23.so
7fb27b2d7000-7fb27b2d8000 rw-p 00008000 08:41 791804                     /lib/x86_64-linux-gnu/libnss_compat-2.23.so
7fb27b2d8000-7fb27b305000 r-xp 00000000 08:41 6162860                    /usr/lib/jvm/java-8-openjdk-amd64/jre/lib/amd64/libjava.so
7fb27b305000-7fb27b504000 ---p 0002d000 08:41 6162860                    /usr/lib/jvm/java-8-openjdk-amd64/jre/lib/amd64/libjava.so
7fb27b504000-7fb27b505000 r--p 0002c000 08:41 6162860                    /usr/lib/jvm/java-8-openjdk-amd64/jre/lib/amd64/libjava.so
7fb27b505000-7fb27b507000 rw-p 0002d000 08:41 6162860                    /usr/lib/jvm/java-8-openjdk-amd64/jre/lib/amd64/libjava.so
7fb27b507000-7fb27b516000 r-xp 00000000 08:41 6162864                    /usr/lib/jvm/java-8-openjdk-amd64/jre/lib/amd64/libverify.so
7fb27b516000-7fb27b715000 ---p 0000f000 08:41 6162864                    /usr/lib/jvm/java-8-openjdk-amd64/jre/lib/amd64/libverify.so
7fb27b715000-7fb27b717000 r--p 0000e000 08:41 6162864                    /usr/lib/jvm/java-8-openjdk-amd64/jre/lib/amd64/libverify.so
7fb27b717000-7fb27b718000 rw-p 00010000 08:41 6162864                    /usr/lib/jvm/java-8-openjdk-amd64/jre/lib/amd64/libverify.so
7fb27b718000-7fb27b71f000 r-xp 00000000 08:41 791731                     /lib/x86_64-linux-gnu/librt-2.23.so
7fb27b71f000-7fb27b91e000 ---p 00007000 08:41 791731                     /lib/x86_64-linux-gnu/librt-2.23.so
7fb27b91e000-7fb27b91f000 r--p 00006000 08:41 791731                     /lib/x86_64-linux-gnu/librt-2.23.so
7fb27b91f000-7fb27b920000 rw-p 00007000 08:41 791731                     /lib/x86_64-linux-gnu/librt-2.23.so
7fb27b920000-7fb27b936000 r-xp 00000000 08:41 790666                     /lib/x86_64-linux-gnu/libgcc_s.so.1
7fb27b936000-7fb27bb35000 ---p 00016000 08:41 790666                     /lib/x86_64-linux-gnu/libgcc_s.so.1
7fb27bb35000-7fb27bb36000 rw-p 00015000 08:41 790666                     /lib/x86_64-linux-gnu/libgcc_s.so.1
7fb27bb36000-7fb27bc3e000 r-xp 00000000 08:41 791796                     /lib/x86_64-linux-gnu/libm-2.23.so
7fb27bc3e000-7fb27be3d000 ---p 00108000 08:41 791796                     /lib/x86_64-linux-gnu/libm-2.23.so
7fb27be3d000-7fb27be3e000 r--p 00107000 08:41 791796                     /lib/x86_64-linux-gnu/libm-2.23.so
7fb27be3e000-7fb27be3f000 rw-p 00108000 08:41 791796                     /lib/x86_64-linux-gnu/libm-2.23.so
7fb27be3f000-7fb27bfb1000 r-xp 00000000 08:41 5906828                    /usr/lib/x86_64-linux-gnu/libstdc++.so.6.0.21
7fb27bfb1000-7fb27c1b1000 ---p 00172000 08:41 5906828                    /usr/lib/x86_64-linux-gnu/libstdc++.so.6.0.21
7fb27c1b1000-7fb27c1bb000 r--p 00172000 08:41 5906828                    /usr/lib/x86_64-linux-gnu/libstdc++.so.6.0.21
7fb27c1bb000-7fb27c1bd000 rw-p 0017c000 08:41 5906828                    /usr/lib/x86_64-linux-gnu/libstdc++.so.6.0.21
7fb27c1bd000-7fb27c1c1000 rw-p 00000000 00:00 0 
7fb27c1c1000-7fb27ce10000 r-xp 00000000 08:41 6162867                    /usr/lib/jvm/java-8-openjdk-amd64/jre/lib/amd64/server/libjvm.so
7fb27ce10000-7fb27d00f000 ---p 00c4f000 08:41 6162867                    /usr/lib/jvm/java-8-openjdk-amd64/jre/lib/amd64/server/libjvm.so
7fb27d00f000-7fb27d0a2000 r--p 00c4e000 08:41 6162867                    /usr/lib/jvm/java-8-openjdk-amd64/jre/lib/amd64/server/libjvm.so
7fb27d0a2000-7fb27d0cb000 rw-p 00ce1000 08:41 6162867                    /usr/lib/jvm/java-8-openjdk-amd64/jre/lib/amd64/server/libjvm.so
7fb27d0cb000-7fb27d0fb000 rw-p 00000000 00:00 0 
7fb27d0fb000-7fb27d113000 r-xp 00000000 08:41 791797                     /lib/x86_64-linux-gnu/libpthread-2.23.so
7fb27d113000-7fb27d312000 ---p 00018000 08:41 791797                     /lib/x86_64-linux-gnu/libpthread-2.23.so
7fb27d312000-7fb27d313000 r--p 00017000 08:41 791797                     /lib/x86_64-linux-gnu/libpthread-2.23.so
7fb27d313000-7fb27d314000 rw-p 00018000 08:41 791797                     /lib/x86_64-linux-gnu/libpthread-2.23.so
7fb27d314000-7fb27d318000 rw-p 00000000 00:00 0 
7fb27d318000-7fb27d31b000 r-xp 00000000 08:41 791750                     /lib/x86_64-linux-gnu/libdl-2.23.so
7fb27d31b000-7fb27d51a000 ---p 00003000 08:41 791750                     /lib/x86_64-linux-gnu/libdl-2.23.so
7fb27d51a000-7fb27d51b000 r--p 00002000 08:41 791750                     /lib/x86_64-linux-gnu/libdl-2.23.so
7fb27d51b000-7fb27d51c000 rw-p 00003000 08:41 791750                     /lib/x86_64-linux-gnu/libdl-2.23.so
7fb27d51c000-7fb27d535000 r-xp 00000000 08:41 786660                     /lib/x86_64-linux-gnu/libz.so.1.2.8
7fb27d535000-7fb27d734000 ---p 00019000 08:41 786660                     /lib/x86_64-linux-gnu/libz.so.1.2.8
7fb27d734000-7fb27d735000 r--p 00018000 08:41 786660                     /lib/x86_64-linux-gnu/libz.so.1.2.8
7fb27d735000-7fb27d736000 rw-p 00019000 08:41 786660                     /lib/x86_64-linux-gnu/libz.so.1.2.8
7fb27d736000-7fb27d8f5000 r-xp 00000000 08:41 791764                     /lib/x86_64-linux-gnu/libc-2.23.so
7fb27d8f5000-7fb27daf5000 ---p 001bf000 08:41 791764                     /lib/x86_64-linux-gnu/libc-2.23.so
7fb27daf5000-7fb27daf9000 r--p 001bf000 08:41 791764                     /lib/x86_64-linux-gnu/libc-2.23.so
7fb27daf9000-7fb27dafb000 rw-p 001c3000 08:41 791764                     /lib/x86_64-linux-gnu/libc-2.23.so
7fb27dafb000-7fb27daff000 rw-p 00000000 00:00 0 
7fb27daff000-7fb27db0c000 r-xp 00000000 08:41 6162863                    /usr/lib/jvm/java-8-openjdk-amd64/jre/lib/amd64/jli/libjli.so
7fb27db0c000-7fb27dd0c000 ---p 0000d000 08:41 6162863                    /usr/lib/jvm/java-8-openjdk-amd64/jre/lib/amd64/jli/libjli.so
7fb27dd0c000-7fb27dd0d000 r--p 0000d000 08:41 6162863                    /usr/lib/jvm/java-8-openjdk-amd64/jre/lib/amd64/jli/libjli.so
7fb27dd0d000-7fb27dd0e000 rw-p 0000e000 08:41 6162863                    /usr/lib/jvm/java-8-openjdk-amd64/jre/lib/amd64/jli/libjli.so
7fb27dd0e000-7fb27dd34000 r-xp 00000000 08:41 786684                     /lib/x86_64-linux-gnu/ld-2.23.so
7fb27de02000-7fb27de05000 ---p 00000000 00:00 0 
7fb27de05000-7fb27df08000 rw-p 00000000 00:00 0 
7fb27df27000-7fb27df2f000 rw-s 00000000 08:41 3277539                    /tmp/hsperfdata_owengray/23570
7fb27df2f000-7fb27df30000 rw-p 00000000 00:00 0 
7fb27df30000-7fb27df31000 r--p 00000000 00:00 0 
7fb27df31000-7fb27df33000 rw-p 00000000 00:00 0 
7fb27df33000-7fb27df34000 r--p 00025000 08:41 786684                     /lib/x86_64-linux-gnu/ld-2.23.so
7fb27df34000-7fb27df35000 rw-p 00026000 08:41 786684                     /lib/x86_64-linux-gnu/ld-2.23.so
7fb27df35000-7fb27df36000 rw-p 00000000 00:00 0 
7ffcc37e5000-7ffcc3806000 rw-p 00000000 00:00 0                          [stack]
7ffcc3961000-7ffcc3963000 r--p 00000000 00:00 0                          [vvar]
7ffcc3963000-7ffcc3965000 r-xp 00000000 00:00 0                          [vdso]
ffffffffff600000-ffffffffff601000 r-xp 00000000 00:00 0                  [vsyscall]

VM Arguments:
jvm_args: -ea -Dfile.encoding=UTF-8 
java_command: nightgames.global.Global
java_class_path (initial): /home/owengray/git/nightgamesmod/bin:/home/owengray/.p2/pool/plugins/org.junit_4.12.0.v201504281640/junit.jar:/home/owengray/.p2/pool/plugins/org.hamcrest.core_1.3.0.v201303031735.jar:/home/owengray/git/gson-2.6.2.jar:/home/owengray/git/rhino1.7.7.1/lib/rhino-1.7.7.1.jar:/home/owengray/git/hamcrest-all-1.3.jar:/home/owengray/git/json-simple-1.1.1.jar:/home/owengray/git/nightgamesmod/NightgamesMod/commons-lang3-3.5.jar
Launcher Type: SUN_STANDARD

Environment Variables:
PATH=/home/owengray/bin:/usr/local/sbin:/usr/local/bin:/usr/sbin:/usr/bin:/sbin:/bin:/usr/games:/usr/local/games:/snap/bin
SHELL=/bin/bash
DISPLAY=:0

Signal Handlers:
SIGSEGV: [libjvm.so+0xa65880], sa_mask[0]=11111111011111111101111111111110, sa_flags=SA_RESTART|SA_SIGINFO
SIGBUS: [libjvm.so+0xa65880], sa_mask[0]=11111111011111111101111111111110, sa_flags=SA_RESTART|SA_SIGINFO
SIGFPE: [libjvm.so+0x8af1c0], sa_mask[0]=11111111011111111101111111111110, sa_flags=SA_RESTART|SA_SIGINFO
SIGPIPE: [libjvm.so+0x8af1c0], sa_mask[0]=11111111011111111101111111111110, sa_flags=SA_RESTART|SA_SIGINFO
SIGXFSZ: [libjvm.so+0x8af1c0], sa_mask[0]=11111111011111111101111111111110, sa_flags=SA_RESTART|SA_SIGINFO
SIGILL: [libjvm.so+0x8af1c0], sa_mask[0]=11111111011111111101111111111110, sa_flags=SA_RESTART|SA_SIGINFO
SIGUSR1: SIG_DFL, sa_mask[0]=00000000000000000000000000000000, sa_flags=none
SIGUSR2: [libjvm.so+0x8af070], sa_mask[0]=00100000000000000000000000000000, sa_flags=SA_RESTART|SA_SIGINFO
SIGHUP: SIG_DFL, sa_mask[0]=00000000000000000000000000000000, sa_flags=none
SIGINT: SIG_DFL, sa_mask[0]=00000000000000000000000000000000, sa_flags=none
SIGTERM: SIG_DFL, sa_mask[0]=00000000000000000000000000000000, sa_flags=none
SIGQUIT: SIG_DFL, sa_mask[0]=00000000000000000000000000000000, sa_flags=none


---------------  S Y S T E M  ---------------

OS:DISTRIB_ID=Ubuntu
DISTRIB_RELEASE=16.04
DISTRIB_CODENAME=xenial
DISTRIB_DESCRIPTION="Ubuntu 16.04.1 LTS"

uname:Linux 4.4.0-59-generic #80-Ubuntu SMP Fri Jan 6 17:47:47 UTC 2017 x86_64
libc:glibc 2.23 NPTL 2.23 
rlimit: STACK 8192k, CORE 0k, NPROC 192677, NOFILE 65536, AS infinity
load average:4.68 4.44 3.51

/proc/meminfo:
MemTotal:       49372276 kB
MemFree:          319160 kB
MemAvailable:     259548 kB
Buffers:           18212 kB
Cached:           802688 kB
SwapCached:        44728 kB
Active:         44756104 kB
Inactive:        2755908 kB
Active(anon):   44644344 kB
Inactive(anon):  2665028 kB
Active(file):     111760 kB
Inactive(file):    90880 kB
Unevictable:        2112 kB
Mlocked:            2112 kB
SwapTotal:      17484796 kB
SwapFree:          31740 kB
Dirty:               332 kB
Writeback:             0 kB
AnonPages:      46650720 kB
Mapped:           763080 kB
Shmem:            617304 kB
Slab:             415392 kB
SReclaimable:     205156 kB
SUnreclaim:       210236 kB
KernelStack:       36240 kB
PageTables:       486348 kB
NFS_Unstable:          0 kB
Bounce:                0 kB
WritebackTmp:          0 kB
CommitLimit:    42170932 kB
Committed_AS:   88791880 kB
VmallocTotal:   34359738367 kB
VmallocUsed:           0 kB
VmallocChunk:          0 kB
HardwareCorrupted:     0 kB
AnonHugePages:  14200832 kB
CmaTotal:              0 kB
CmaFree:               0 kB
HugePages_Total:       0
HugePages_Free:        0
HugePages_Rsvd:        0
HugePages_Surp:        0
Hugepagesize:       2048 kB
DirectMap4k:    10504832 kB
DirectMap2M:    39737344 kB
DirectMap1G:     2097152 kB


CPU:total 12 (6 cores per cpu, 2 threads per core) family 6 model 62 stepping 4, cmov, cx8, fxsr, mmx, sse, sse2, sse3, ssse3, sse4.1, sse4.2, popcnt, avx, aes, clmul, erms, ht, tsc, tscinvbit

/proc/cpuinfo:
processor	: 0
vendor_id	: GenuineIntel
cpu family	: 6
model		: 62
model name	: Intel(R) Core(TM) i7-4930K CPU @ 3.40GHz
stepping	: 4
microcode	: 0x416
cpu MHz		: 3643.445
cache size	: 12288 KB
physical id	: 0
siblings	: 12
core id		: 0
cpu cores	: 6
apicid		: 0
initial apicid	: 0
fpu		: yes
fpu_exception	: yes
cpuid level	: 13
wp		: yes
flags		: fpu vme de pse tsc msr pae mce cx8 apic sep mtrr pge mca cmov pat pse36 clflush dts acpi mmx fxsr sse sse2 ss ht tm pbe syscall nx pdpe1gb rdtscp lm constant_tsc arch_perfmon pebs bts rep_good nopl xtopology nonstop_tsc aperfmperf eagerfpu pni pclmulqdq dtes64 monitor ds_cpl vmx est tm2 ssse3 cx16 xtpr pdcm pcid dca sse4_1 sse4_2 x2apic popcnt tsc_deadline_timer aes xsave avx f16c rdrand lahf_lm epb tpr_shadow vnmi flexpriority ept vpid fsgsbase smep erms xsaveopt dtherm ida arat pln pts
bugs		:
bogomips	: 6800.17
clflush size	: 64
cache_alignment	: 64
address sizes	: 46 bits physical, 48 bits virtual
power management:

processor	: 1
vendor_id	: GenuineIntel
cpu family	: 6
model		: 62
model name	: Intel(R) Core(TM) i7-4930K CPU @ 3.40GHz
stepping	: 4
microcode	: 0x416
cpu MHz		: 3605.593
cache size	: 12288 KB
physical id	: 0
siblings	: 12
core id		: 1
cpu cores	: 6
apicid		: 2
initial apicid	: 2
fpu		: yes
fpu_exception	: yes
cpuid level	: 13
wp		: yes
flags		: fpu vme de pse tsc msr pae mce cx8 apic sep mtrr pge mca cmov pat pse36 clflush dts acpi mmx fxsr sse sse2 ss ht tm pbe syscall nx pdpe1gb rdtscp lm constant_tsc arch_perfmon pebs bts rep_good nopl xtopology nonstop_tsc aperfmperf eagerfpu pni pclmulqdq dtes64 monitor ds_cpl vmx est tm2 ssse3 cx16 xtpr pdcm pcid dca sse4_1 sse4_2 x2apic popcnt tsc_deadline_timer aes xsave avx f16c rdrand lahf_lm epb tpr_shadow vnmi flexpriority ept vpid fsgsbase smep erms xsaveopt dtherm ida arat pln pts
bugs		:
bogomips	: 6800.17
clflush size	: 64
cache_alignment	: 64
address sizes	: 46 bits physical, 48 bits virtual
power management:

processor	: 2
vendor_id	: GenuineIntel
cpu family	: 6
model		: 62
model name	: Intel(R) Core(TM) i7-4930K CPU @ 3.40GHz
stepping	: 4
microcode	: 0x416
cpu MHz		: 3645.039
cache size	: 12288 KB
physical id	: 0
siblings	: 12
core id		: 2
cpu cores	: 6
apicid		: 4
initial apicid	: 4
fpu		: yes
fpu_exception	: yes
cpuid level	: 13
wp		: yes
flags		: fpu vme de pse tsc msr pae mce cx8 apic sep mtrr pge mca cmov pat pse36 clflush dts acpi mmx fxsr sse sse2 ss ht tm pbe syscall nx pdpe1gb rdtscp lm constant_tsc arch_perfmon pebs bts rep_good nopl xtopology nonstop_tsc aperfmperf eagerfpu pni pclmulqdq dtes64 monitor ds_cpl vmx est tm2 ssse3 cx16 xtpr pdcm pcid dca sse4_1 sse4_2 x2apic popcnt tsc_deadline_timer aes xsave avx f16c rdrand lahf_lm epb tpr_shadow vnmi flexpriority ept vpid fsgsbase smep erms xsaveopt dtherm ida arat pln pts
bugs		:
bogomips	: 6800.17
clflush size	: 64
cache_alignment	: 64
address sizes	: 46 bits physical, 48 bits virtual
power management:

processor	: 3
vendor_id	: GenuineIntel
cpu family	: 6
model		: 62
model name	: Intel(R) Core(TM) i7-4930K CPU @ 3.40GHz
stepping	: 4
microcode	: 0x416
cpu MHz		: 3624.851
cache size	: 12288 KB
physical id	: 0
siblings	: 12
core id		: 3
cpu cores	: 6
apicid		: 6
initial apicid	: 6
fpu		: yes
fpu_exception	: yes
cpuid level	: 13
wp		: yes
flags		: fpu vme de pse tsc msr pae mce cx8 apic sep mtrr pge mca cmov pat pse36 clflush dts acpi mmx fxsr sse sse2 ss ht tm pbe syscall nx pdpe1gb rdtscp lm constant_tsc arch_perfmon pebs bts rep_good nopl xtopology nonstop_tsc aperfmperf eagerfpu pni pclmulqdq dtes64 monitor ds_cpl vmx est tm2 ssse3 cx16 xtpr pdcm pcid dca sse4_1 sse4_2 x2apic popcnt tsc_deadline_timer aes xsave avx f16c rdrand lahf_lm epb tpr_shadow vnmi flexpriority ept vpid fsgsbase smep erms xsaveopt dtherm ida arat pln pts
bugs		:
bogomips	: 6800.17
clflush size	: 64
cache_alignment	: 64
address sizes	: 46 bits physical, 48 bits virtual
power management:

processor	: 4
vendor_id	: GenuineIntel
cpu family	: 6
model		: 62
model name	: Intel(R) Core(TM) i7-4930K CPU @ 3.40GHz
stepping	: 4
microcode	: 0x416
cpu MHz		: 3613.031
cache size	: 12288 KB
physical id	: 0
siblings	: 12
core id		: 4
cpu cores	: 6
apicid		: 8
initial apicid	: 8
fpu		: yes
fpu_exception	: yes
cpuid level	: 13
wp		: yes
flags		: fpu vme de pse tsc msr pae mce cx8 apic sep mtrr pge mca cmov pat pse36 clflush dts acpi mmx fxsr sse sse2 ss ht tm pbe syscall nx pdpe1gb rdtscp lm constant_tsc arch_perfmon pebs bts rep_good nopl xtopology nonstop_tsc aperfmperf eagerfpu pni pclmulqdq dtes64 monitor ds_cpl vmx est tm2 ssse3 cx16 xtpr pdcm pcid dca sse4_1 sse4_2 x2apic popcnt tsc_deadline_timer aes xsave avx f16c rdrand lahf_lm epb tpr_shadow vnmi flexpriority ept vpid fsgsbase smep erms xsaveopt dtherm ida arat pln pts
bugs		:
bogomips	: 6800.17
clflush size	: 64
cache_alignment	: 64
address sizes	: 46 bits physical, 48 bits virtual
power management:

processor	: 5
vendor_id	: GenuineIntel
cpu family	: 6
model		: 62
model name	: Intel(R) Core(TM) i7-4930K CPU @ 3.40GHz
stepping	: 4
microcode	: 0x416
cpu MHz		: 3639.992
cache size	: 12288 KB
physical id	: 0
siblings	: 12
core id		: 5
cpu cores	: 6
apicid		: 10
initial apicid	: 10
fpu		: yes
fpu_exception	: yes
cpuid level	: 13
wp		: yes
flags		: fpu vme de pse tsc msr pae mce cx8 apic sep mtrr pge mca cmov pat pse36 clflush dts acpi mmx fxsr sse sse2 ss ht tm pbe syscall nx pdpe1gb rdtscp lm constant_tsc arch_perfmon pebs bts rep_good nopl xtopology nonstop_tsc aperfmperf eagerfpu pni pclmulqdq dtes64 monitor ds_cpl vmx est tm2 ssse3 cx16 xtpr pdcm pcid dca sse4_1 sse4_2 x2apic popcnt tsc_deadline_timer aes xsave avx f16c rdrand lahf_lm epb tpr_shadow vnmi flexpriority ept vpid fsgsbase smep erms xsaveopt dtherm ida arat pln pts
bugs		:
bogomips	: 6800.17
clflush size	: 64
cache_alignment	: 64
address sizes	: 46 bits physical, 48 bits virtual
power management:

processor	: 6
vendor_id	: GenuineIntel
cpu family	: 6
model		: 62
model name	: Intel(R) Core(TM) i7-4930K CPU @ 3.40GHz
stepping	: 4
microcode	: 0x416
cpu MHz		: 3629.765
cache size	: 12288 KB
physical id	: 0
siblings	: 12
core id		: 0
cpu cores	: 6
apicid		: 1
initial apicid	: 1
fpu		: yes
fpu_exception	: yes
cpuid level	: 13
wp		: yes
flags		: fpu vme de pse tsc msr pae mce cx8 apic sep mtrr pge mca cmov pat pse36 clflush dts acpi mmx fxsr sse sse2 ss ht tm pbe syscall nx pdpe1gb rdtscp lm constant_tsc arch_perfmon pebs bts rep_good nopl xtopology nonstop_tsc aperfmperf eagerfpu pni pclmulqdq dtes64 monitor ds_cpl vmx est tm2 ssse3 cx16 xtpr pdcm pcid dca sse4_1 sse4_2 x2apic popcnt tsc_deadline_timer aes xsave avx f16c rdrand lahf_lm epb tpr_shadow vnmi flexpriority ept vpid fsgsbase smep erms xsaveopt dtherm ida arat pln pts
bugs		:
bogomips	: 6800.17
clflush size	: 64
cache_alignment	: 64
address sizes	: 46 bits physical, 48 bits virtual
power management:

processor	: 7
vendor_id	: GenuineIntel
cpu family	: 6
model		: 62
model name	: Intel(R) Core(TM) i7-4930K CPU @ 3.40GHz
stepping	: 4
microcode	: 0x416
cpu MHz		: 3600.015
cache size	: 12288 KB
physical id	: 0
siblings	: 12
core id		: 1
cpu cores	: 6
apicid		: 3
initial apicid	: 3
fpu		: yes
fpu_exception	: yes
cpuid level	: 13
wp		: yes
flags		: fpu vme de pse tsc msr pae mce cx8 apic sep mtrr pge mca cmov pat pse36 clflush dts acpi mmx fxsr sse sse2 ss ht tm pbe syscall nx pdpe1gb rdtscp lm constant_tsc arch_perfmon pebs bts rep_good nopl xtopology nonstop_tsc aperfmperf eagerfpu pni pclmulqdq dtes64 monitor ds_cpl vmx est tm2 ssse3 cx16 xtpr pdcm pcid dca sse4_1 sse4_2 x2apic popcnt tsc_deadline_timer aes xsave avx f16c rdrand lahf_lm epb tpr_shadow vnmi flexpriority ept vpid fsgsbase smep erms xsaveopt dtherm ida arat pln pts
bugs		:
bogomips	: 6800.17
clflush size	: 64
cache_alignment	: 64
address sizes	: 46 bits physical, 48 bits virtual
power management:

processor	: 8
vendor_id	: GenuineIntel
cpu family	: 6
model		: 62
model name	: Intel(R) Core(TM) i7-4930K CPU @ 3.40GHz
stepping	: 4
microcode	: 0x416
cpu MHz		: 3606.125
cache size	: 12288 KB
physical id	: 0
siblings	: 12
core id		: 2
cpu cores	: 6
apicid		: 5
initial apicid	: 5
fpu		: yes
fpu_exception	: yes
cpuid level	: 13
wp		: yes
flags		: fpu vme de pse tsc msr pae mce cx8 apic sep mtrr pge mca cmov pat pse36 clflush dts acpi mmx fxsr sse sse2 ss ht tm pbe syscall nx pdpe1gb rdtscp lm constant_tsc arch_perfmon pebs bts rep_good nopl xtopology nonstop_tsc aperfmperf eagerfpu pni pclmulqdq dtes64 monitor ds_cpl vmx est tm2 ssse3 cx16 xtpr pdcm pcid dca sse4_1 sse4_2 x2apic popcnt tsc_deadline_timer aes xsave avx f16c rdrand lahf_lm epb tpr_shadow vnmi flexpriority ept vpid fsgsbase smep erms xsaveopt dtherm ida arat pln pts
bugs		:
bogomips	: 6800.17
clflush size	: 64
cache_alignment	: 64
address sizes	: 46 bits physical, 48 bits virtual
power management:

processor	: 9
vendor_id	: GenuineIntel
cpu family	: 6
model		: 62
model name	: Intel(R) Core(TM) i7-4930K CPU @ 3.40GHz
stepping	: 4
microcode	: 0x416
cpu MHz		: 3606.921
cache size	: 12288 KB
physical id	: 0
siblings	: 12
core id		: 3
cpu cores	: 6
apicid		: 7
initial apicid	: 7
fpu		: yes
fpu_exception	: yes
cpuid level	: 13
wp		: yes
flags		: fpu vme de pse tsc msr pae mce cx8 apic sep mtrr pge mca cmov pat pse36 clflush dts acpi mmx fxsr sse sse2 ss ht tm pbe syscall nx pdpe1gb rdtscp lm constant_tsc arch_perfmon pebs bts rep_good nopl xtopology nonstop_tsc aperfmperf eagerfpu pni pclmulqdq dtes64 monitor ds_cpl vmx est tm2 ssse3 cx16 xtpr pdcm pcid dca sse4_1 sse4_2 x2apic popcnt tsc_deadline_timer aes xsave avx f16c rdrand lahf_lm epb tpr_shadow vnmi flexpriority ept vpid fsgsbase smep erms xsaveopt dtherm ida arat pln pts
bugs		:
bogomips	: 6800.17
clflush size	: 64
cache_alignment	: 64
address sizes	: 46 bits physical, 48 bits virtual
power management:

processor	: 10
vendor_id	: GenuineIntel
cpu family	: 6
model		: 62
model name	: Intel(R) Core(TM) i7-4930K CPU @ 3.40GHz
stepping	: 4
microcode	: 0x416
cpu MHz		: 3603.734
cache size	: 12288 KB
physical id	: 0
siblings	: 12
core id		: 4
cpu cores	: 6
apicid		: 9
initial apicid	: 9
fpu		: yes
fpu_exception	: yes
cpuid level	: 13
wp		: yes
flags		: fpu vme de pse tsc msr pae mce cx8 apic sep mtrr pge mca cmov pat pse36 clflush dts acpi mmx fxsr sse sse2 ss ht tm pbe syscall nx pdpe1gb rdtscp lm constant_tsc arch_perfmon pebs bts rep_good nopl xtopology nonstop_tsc aperfmperf eagerfpu pni pclmulqdq dtes64 monitor ds_cpl vmx est tm2 ssse3 cx16 xtpr pdcm pcid dca sse4_1 sse4_2 x2apic popcnt tsc_deadline_timer aes xsave avx f16c rdrand lahf_lm epb tpr_shadow vnmi flexpriority ept vpid fsgsbase smep erms xsaveopt dtherm ida arat pln pts
bugs		:
bogomips	: 6800.17
clflush size	: 64
cache_alignment	: 64
address sizes	: 46 bits physical, 48 bits virtual
power management:

processor	: 11
vendor_id	: GenuineIntel
cpu family	: 6
model		: 62
model name	: Intel(R) Core(TM) i7-4930K CPU @ 3.40GHz
stepping	: 4
microcode	: 0x416
cpu MHz		: 3652.210
cache size	: 12288 KB
physical id	: 0
siblings	: 12
core id		: 5
cpu cores	: 6
apicid		: 11
initial apicid	: 11
fpu		: yes
fpu_exception	: yes
cpuid level	: 13
wp		: yes
flags		: fpu vme de pse tsc msr pae mce cx8 apic sep mtrr pge mca cmov pat pse36 clflush dts acpi mmx fxsr sse sse2 ss ht tm pbe syscall nx pdpe1gb rdtscp lm constant_tsc arch_perfmon pebs bts rep_good nopl xtopology nonstop_tsc aperfmperf eagerfpu pni pclmulqdq dtes64 monitor ds_cpl vmx est tm2 ssse3 cx16 xtpr pdcm pcid dca sse4_1 sse4_2 x2apic popcnt tsc_deadline_timer aes xsave avx f16c rdrand lahf_lm epb tpr_shadow vnmi flexpriority ept vpid fsgsbase smep erms xsaveopt dtherm ida arat pln pts
bugs		:
bogomips	: 6800.17
clflush size	: 64
cache_alignment	: 64
address sizes	: 46 bits physical, 48 bits virtual
power management:



Memory: 4k page, physical 49372276k(319160k free), swap 17484796k(31740k free)

vm_info: OpenJDK 64-Bit Server VM (25.111-b14) for linux-amd64 JRE (1.8.0_111-8u111-b14-2ubuntu0.16.04.2-b14), built on Oct 27 2016 18:10:19 by "buildd" with gcc 5.4.0 20160609

time: Tue Jan 24 04:23:37 2017
elapsed time: 0 seconds (0d 0h 0m 0s)

